-------------------------------------------------------------------------------
Test set: com.ebay.runners.FailedTestRunner
-------------------------------------------------------------------------------
Tests run: 2, Failures: 1, Errors: 0, Skipped: 0, Time elapsed: 54.742 s <<< FAILURE! - in com.ebay.runners.FailedTestRunner
Search and navigate through results pages(ebay search)  Time elapsed: 28.833 s  <<< FAILURE!
java.lang.AssertionError

