<?xml version="1.0" encoding="UTF-8"?>
<testsuite xmlns:xsi="http://www.w3.org/2001/XMLSchema-instance" xsi:noNamespaceSchemaLocation="https://maven.apache.org/surefire/maven-surefire-plugin/xsd/surefire-test-report.xsd" name="com.ebay.runners.CukesRunner" time="44.962" tests="2" errors="1" skipped="0" failures="1">
  <properties>
[...]
</properties>
  <testcase name="Search and verify results" classname="ebay search" time="13.775">
    <error message="no such element: Unable to locate element: {&quot;method&quot;:&quot;xpath&quot;,&quot;selector&quot;:&quot;//*[@id=&quot;s0-30-7-5[0]&quot;]/div[2]/div[1]/div/ul/li[4]/a&quot;}&#10;  (Session info: chrome=104.0.5112.101)&#10;For documentation on this error, please visit: https://www.seleniumhq.org/exceptions/no_such_element.html&#10;Build info: version: &apos;3.141.59&apos;, revision: &apos;e82be7d358&apos;, time: &apos;2018-11-14T08:17:03&apos;&#10;System info: host: &apos;Rajeevs-Air.broadband&apos;, ip: &apos;fe80:0:0:0:4:9e02:d381:e94%en0&apos;, os.name: &apos;Mac OS X&apos;, os.arch: &apos;x86_64&apos;, os.version: &apos;10.16&apos;, java.version: &apos;12.0.1&apos;&#10;Driver info: org.openqa.selenium.chrome.ChromeDriver&#10;Capabilities {acceptInsecureCerts: false, browserName: chrome, browserVersion: 104.0.5112.101, chrome: {chromedriverVersion: 104.0.5112.79 (3cf3e8c8a07d..., userDataDir: /var/folders/m4/4clkwr75163...}, goog:chromeOptions: {debuggerAddress: localhost:59522}, javascriptEnabled: true, networkConnectionEnabled: false, pageLoadStrategy: normal, platform: MAC, platformName: MAC, proxy: Proxy(), setWindowRect: true, strictFileInteractability: false, timeouts: {implicit: 0, pageLoad: 300000, script: 30000}, unhandledPromptBehavior: dismiss and notify, webauthn:extension:credBlob: true, webauthn:extension:largeBlob: true, webauthn:virtualAuthenticators: true}&#10;Session ID: 5847b67c886a0e843328b854e7d0f789&#10;*** Element info: {Using=xpath, value=//*[@id=&quot;s0-30-7-5[0]&quot;]/div[2]/div[1]/div/ul/li[4]/a}" type="org.openqa.selenium.NoSuchElementException">org.openqa.selenium.NoSuchElementException: 
no such element: Unable to locate element: {"method":"xpath","selector":"//*[@id="s0-30-7-5[0]"]/div[2]/div[1]/div/ul/li[4]/a"}
  (Session info: chrome=104.0.5112.101)
For documentation on this error, please visit: https://www.seleniumhq.org/exceptions/no_such_element.html
Build info: version: '3.141.59', revision: 'e82be7d358', time: '2018-11-14T08:17:03'
System info: host: 'Rajeevs-Air.broadband', ip: 'fe80:0:0:0:4:9e02:d381:e94%en0', os.name: 'Mac OS X', os.arch: 'x86_64', os.version: '10.16', java.version: '12.0.1'
Driver info: org.openqa.selenium.chrome.ChromeDriver
Capabilities {acceptInsecureCerts: false, browserName: chrome, browserVersion: 104.0.5112.101, chrome: {chromedriverVersion: 104.0.5112.79 (3cf3e8c8a07d..., userDataDir: /var/folders/m4/4clkwr75163...}, goog:chromeOptions: {debuggerAddress: localhost:59522}, javascriptEnabled: true, networkConnectionEnabled: false, pageLoadStrategy: normal, platform: MAC, platformName: MAC, proxy: Proxy(), setWindowRect: true, strictFileInteractability: false, timeouts: {implicit: 0, pageLoad: 300000, script: 30000}, unhandledPromptBehavior: dismiss and notify, webauthn:extension:credBlob: true, webauthn:extension:largeBlob: true, webauthn:virtualAuthenticators: true}
Session ID: 5847b67c886a0e843328b854e7d0f789
*** Element info: {Using=xpath, value=//*[@id="s0-30-7-5[0]"]/div[2]/div[1]/div/ul/li[4]/a}
</error>
    <system-out><![CDATA[Sign in Link Text = Sign in
Test Passed
2,600+ results for selenium
productPage.productList.size() = 61
searcResults.get(5).getText() = Biotin Hair Growth Supplement 180 Tablets - 10,000mcg + Zinc + Selenium UK VEGAN
Opens in a new window or tab
✔ Hair ✔ Nails ✔ Skin ✔ Vegan ✔ UK Made ✔ MAX STRENGTH
Brand new
£3.89

eBay Premium Service
Buy it now
Free 3 day postage
Get it by Sat 3 Sep
2,006 sold
Sponsored
productPage.getPostagecost.size() = 7
getPostageCosts.getText() = Free postage
getPostageCosts.getText() = Free postage
getPostageCosts.getText() = + £1.00 postage
getPostageCosts.getText() = Free postage
getPostageCosts.getText() = Free postage
getPostageCosts.getText() = Free postage
getPostageCosts.getText() = + £4.20 postage
productPage.getPostagecost.size() = 53
getFreePostageCosts.getText() = Free next day postage
getFreePostageCosts.getText() = Free 3 day postage
getFreePostageCosts.getText() = Free 3 day postage
getFreePostageCosts.getText() = Free 3 day postage
getFreePostageCosts.getText() = Free 3 day postage
getFreePostageCosts.getText() = Free 2 day postage
getFreePostageCosts.getText() = Free 3 day postage
getFreePostageCosts.getText() = Free 3 day postage
getFreePostageCosts.getText() = Free 3 day postage
getFreePostageCosts.getText() = Free 2 day postage
getFreePostageCosts.getText() = Free 2 day postage
getFreePostageCosts.getText() = Free 3 day postage
getFreePostageCosts.getText() = Free 2 day postage
getFreePostageCosts.getText() = Free next day postage
getFreePostageCosts.getText() = Free next day postage
getFreePostageCosts.getText() = Free 3 day postage
getFreePostageCosts.getText() = Free 2 day postage
getFreePostageCosts.getText() = Free next day postage
getFreePostageCosts.getText() = Free 3 day postage
getFreePostageCosts.getText() = Free 2 day postage
getFreePostageCosts.getText() = Free next day postage
getFreePostageCosts.getText() = Free 2 day postage
getFreePostageCosts.getText() = Free 2 day postage
getFreePostageCosts.getText() = Free 2 day postage
getFreePostageCosts.getText() = Free 3 day postage
getFreePostageCosts.getText() = Free 3 day postage
getFreePostageCosts.getText() = Free 3 day postage
getFreePostageCosts.getText() = Free 3 day postage
getFreePostageCosts.getText() = Free 3 day postage
getFreePostageCosts.getText() = Free 2 day postage
getFreePostageCosts.getText() = Free 3 day postage
getFreePostageCosts.getText() = Free 3 day postage
getFreePostageCosts.getText() = Free 3 day postage
getFreePostageCosts.getText() = Free 2 day postage
getFreePostageCosts.getText() = Free 3 day postage
getFreePostageCosts.getText() = Free 2 day postage
getFreePostageCosts.getText() = Free 2 day postage
getFreePostageCosts.getText() = Free 2 day postage
getFreePostageCosts.getText() = Free 2 day postage
getFreePostageCosts.getText() = Free 2 day postage
getFreePostageCosts.getText() = Free 3 day postage
getFreePostageCosts.getText() = Free 3 day postage
getFreePostageCosts.getText() = Free 3 day postage
getFreePostageCosts.getText() = Free 3 day postage
getFreePostageCosts.getText() = Free 3 day postage
getFreePostageCosts.getText() = Free 2 day postage
getFreePostageCosts.getText() = Free 2 day postage
getFreePostageCosts.getText() = Free 2 day postage
getFreePostageCosts.getText() = Free next day postage
getFreePostageCosts.getText() = Free 3 day postage
getFreePostageCosts.getText() = Free 3 day postage
getFreePostageCosts.getText() = Free 3 day postage
getFreePostageCosts.getText() = Free 2 day postage
productPage.noOfBidsCounts.size() = 38
]]></system-out>
    <system-err><![CDATA[Aug 28, 2022 10:00:07 PM io.cucumber.junit.Cucumber <init>
WARNING: By default Cucumber is running in --non-strict mode.
This default will change to --strict and --non-strict will be removed.
You can use --strict or @CucumberOptions(strict = true) to suppress this warning
SLF4J: Failed to load class "org.slf4j.impl.StaticLoggerBinder".
SLF4J: Defaulting to no-operation (NOP) logger implementation
SLF4J: See http://www.slf4j.org/codes.html#StaticLoggerBinder for further details.
Starting ChromeDriver 104.0.5112.79 (3cf3e8c8a07d104b9e1260c910efb8f383285dc5-refs/branch-heads/5112@{#1307}) on port 7768
Only local connections are allowed.
Please see https://chromedriver.chromium.org/security-considerations for suggestions on keeping ChromeDriver safe.
ChromeDriver was started successfully.
Aug 28, 2022 10:00:11 PM org.openqa.selenium.remote.ProtocolHandshake createSession
INFO: Detected dialect: W3C
]]></system-err>
  </testcase>
  <testcase name="Search and navigate through results pages" classname="ebay search" time="30.381">
    <failure type="java.lang.AssertionError">java.lang.AssertionError
</failure>
    <system-out><![CDATA[Sign in Link Text = Sign in
Test Passed
2,400+ results for selenium
productPage.productList.size() = 61
searcResults.get(5).getText() = GREAT PRICE
Selenium 200mcg x 120 Tablets as Bioavailable L-Selenomethionine
Opens in a new window or tab
Essential Mineral for Immunity & Thyroid Health
Brand new
£4.99
Save up to 15% with Multi-buy
Buy it now

eBay Premium Service
Free 2 day postage
Get it by Fri 2 Sep
Sponsored
noOfActualPage = 10
pagenoCount.getText() = 1
pagenoCount.getText() = 2
pagenoCount.getText() = 3
pagenoCount.getText() = 4
pagenoCount.getText() = 5
pagenoCount.getText() = 6
pagenoCount.getText() = 7
pagenoCount.getText() = 8
pagenoCount.getText() = 9
pagenoCount.getText() = 
The result has more than one page
]]></system-out>
    <system-err><![CDATA[Starting ChromeDriver 104.0.5112.79 (3cf3e8c8a07d104b9e1260c910efb8f383285dc5-refs/branch-heads/5112@{#1307}) on port 46169
Only local connections are allowed.
Please see https://chromedriver.chromium.org/security-considerations for suggestions on keeping ChromeDriver safe.
ChromeDriver was started successfully.
Aug 28, 2022 10:00:23 PM org.openqa.selenium.remote.ProtocolHandshake createSession
INFO: Detected dialect: W3C
]]></system-err>
  </testcase>
</testsuite>