<?xml version="1.0" encoding="UTF-8"?>
<testsuite xmlns:xsi="http://www.w3.org/2001/XMLSchema-instance" xsi:noNamespaceSchemaLocation="https://maven.apache.org/surefire/maven-surefire-plugin/xsd/surefire-test-report.xsd" name="com.ebay.runners.FailedTestRunner" time="54.742" tests="2" errors="0" skipped="0" failures="1">
  <properties>
[...]
</properties>
  <testcase name="Search and verify results" classname="ebay search" time="25.895"/>
  <testcase name="Search and navigate through results pages" classname="ebay search" time="28.833">
    <failure type="java.lang.AssertionError">java.lang.AssertionError
</failure>
    <system-out><![CDATA[Sign in Link Text = Sign in
Test Passed
2,400+ results for selenium
productPage.productList.size() = 61
searcResults.get(5).getText() = Biotin Hair Growth Supplement 180 Tablets - 10,000mcg + Zinc + Selenium UK VEGAN
Opens in a new window or tab
✔ Hair ✔ Nails ✔ Skin ✔ Vegan ✔ UK Made ✔ MAX STRENGTH
Brand new
£3.89

eBay Premium Service
Buy it now
Free 3 day postage
Get it by Sat 3 Sep
2,006 sold
Sponsored
noOfActualPage = 10
pagenoCount.getText() = 1
pagenoCount.getText() = 2
pagenoCount.getText() = 3
pagenoCount.getText() = 4
pagenoCount.getText() = 5
pagenoCount.getText() = 6
pagenoCount.getText() = 7
pagenoCount.getText() = 8
pagenoCount.getText() = 9
pagenoCount.getText() = 
The result has more than one page
]]></system-out>
    <system-err><![CDATA[Starting ChromeDriver 104.0.5112.79 (3cf3e8c8a07d104b9e1260c910efb8f383285dc5-refs/branch-heads/5112@{#1307}) on port 21563
Only local connections are allowed.
Please see https://chromedriver.chromium.org/security-considerations for suggestions on keeping ChromeDriver safe.
ChromeDriver was started successfully.
Aug 28, 2022 10:01:20 PM org.openqa.selenium.remote.ProtocolHandshake createSession
INFO: Detected dialect: W3C
]]></system-err>
  </testcase>
</testsuite>